{
  "RSpec": {
    "coverage": {
      "/home/cristobal/Escritorio/Tarea2/app/models/api.rb": [
        1,
        null,
        null,
        null,
        1,
        0,
        0,
        0,
        0,
        0,
        null,
        null,
        1,
        null,
        6,
        null,
        6,
        2,
        null,
        null,
        4,
        0,
        null,
        4,
        1,
        null,
        3,
        3,
        0,
        null,
        3,
        75,
        3,
        2,
        null,
        null,
        1,
        null,
        null,
        null,
        1,
        null,
        1,
        1,
        1,
        20,
        20,
        null,
        null,
        1,
        null,
        null,
        1,
        null,
        20,
        20,
        20,
        20,
        20,
        20,
        null,
        20,
        19,
        null,
        20,
        1,
        null,
        null,
        20,
        20,
        null,
        null,
        null,
        1,
        null,
        null,
        21,
        null,
        null,
        null,
        null,
        null,
        null,
        21,
        null,
        null,
        null,
        null
      ],
      "/home/cristobal/Escritorio/Tarea2/app/helpers/application_helper.rb": [
        0,
        0
      ],
      "/home/cristobal/Escritorio/Tarea2/app/helpers/apis_helper.rb": [
        0,
        0
      ],
      "/home/cristobal/Escritorio/Tarea2/app/helpers/welcome_helper.rb": [
        0,
        0
      ],
      "/home/cristobal/Escritorio/Tarea2/app/controllers/welcome_controller.rb": [
        0,
        0,
        0,
        0,
        0,
        0,
        0,
        0,
        0,
        0,
        0,
        0,
        0,
        0,
        0,
        0,
        0,
        0,
        0,
        0,
        0,
        0,
        0,
        0,
        0,
        0,
        0,
        0,
        0,
        0,
        0,
        0,
        0,
        0,
        0,
        0,
        0,
        0
      ],
      "/home/cristobal/Escritorio/Tarea2/app/controllers/apis_controller.rb": [
        0,
        0,
        0,
        0,
        0,
        0,
        0,
        0,
        0,
        0,
        0,
        0,
        0,
        0,
        0,
        0,
        0,
        0,
        0,
        0,
        0,
        0,
        0,
        0,
        0,
        0,
        0,
        0,
        0,
        0,
        0,
        0,
        0,
        0,
        0,
        0,
        0,
        0,
        0,
        0,
        0,
        0,
        0,
        0,
        0,
        0
      ],
      "/home/cristobal/Escritorio/Tarea2/app/controllers/application_controller.rb": [
        0,
        0,
        0,
        0,
        0
      ]
    },
    "timestamp": 1463164787
  }
}
